==8491== Memcheck, a memory error detector
==8491== Copyright (C) 2002-2017, and GNU GPL'd, by Julian Seward et al.
==8491== Using Valgrind-3.13.0 and LibVEX; rerun with -h for copyright info
==8491== Command: /rhome/m/mhadzic9/workspace/OR/T11/Z2/.runme
==8491== Parent PID: 8484
==8491== 
==8491== 
==8491== Process terminating with default action of signal 1 (SIGHUP)
==8491==    at 0x54EC152: write (write.c:27)
==8491==    by 0x54671BC: _IO_file_write@@GLIBC_2.2.5 (fileops.c:1203)
==8491==    by 0x5467B2E: new_do_write (fileops.c:457)
==8491==    by 0x5467B2E: _IO_file_xsputn@@GLIBC_2.2.5 (fileops.c:1277)
==8491==    by 0x545CA8E: puts (ioputs.c:40)
==8491==    by 0x10889F: unos_kruznice (main.c:27)
==8491==    by 0x108A09: main (main.c:51)
==8491== 
==8491== HEAP SUMMARY:
==8491==     in use at exit: 0 bytes in 0 blocks
==8491==   total heap usage: 1 allocs, 1 frees, 1,024 bytes allocated
==8491== 
==8491== All heap blocks were freed -- no leaks are possible
==8491== 
==8491== For counts of detected and suppressed errors, rerun with: -v
==8491== ERROR SUMMARY: 0 errors from 0 contexts (suppressed: 0 from 0)
