==29841== Memcheck, a memory error detector
==29841== Copyright (C) 2002-2017, and GNU GPL'd, by Julian Seward et al.
==29841== Using Valgrind-3.13.0 and LibVEX; rerun with -h for copyright info
==29841== Command: /rhome/m/mhadzic9/workspace/OR/T7/Z2/.runme
==29841== Parent PID: 29807
==29841== 
==29841== 
==29841== Process terminating with default action of signal 1 (SIGHUP)
==29841==    at 0x514E152: write (write.c:27)
==29841==    by 0x50C91BC: _IO_file_write@@GLIBC_2.2.5 (fileops.c:1203)
==29841==    by 0x50C9B2E: new_do_write (fileops.c:457)
==29841==    by 0x50C9B2E: _IO_file_xsputn@@GLIBC_2.2.5 (fileops.c:1277)
==29841==    by 0x509C706: buffered_vfprintf (vfprintf.c:2350)
==29841==    by 0x5099725: vfprintf (vfprintf.c:1301)
==29841==    by 0x50A2F25: printf (printf.c:33)
==29841==    by 0x1087AF: main (main.c:16)
==29841== 
==29841== HEAP SUMMARY:
==29841==     in use at exit: 0 bytes in 0 blocks
==29841==   total heap usage: 1 allocs, 1 frees, 1,024 bytes allocated
==29841== 
==29841== All heap blocks were freed -- no leaks are possible
==29841== 
==29841== For counts of detected and suppressed errors, rerun with: -v
==29841== ERROR SUMMARY: 0 errors from 0 contexts (suppressed: 0 from 0)
