==19503== Memcheck, a memory error detector
==19503== Copyright (C) 2002-2017, and GNU GPL'd, by Julian Seward et al.
==19503== Using Valgrind-3.13.0 and LibVEX; rerun with -h for copyright info
==19503== Command: /rhome/m/mhadzic9/workspace/OR/T9/Z1/.runme
==19503== Parent PID: 19487
==19503== 
==19503== 
==19503== Process terminating with default action of signal 1 (SIGHUP)
==19503==    at 0x514E07F: read (read.c:27)
==19503==    by 0x50CB147: _IO_file_underflow@@GLIBC_2.2.5 (fileops.c:531)
==19503==    by 0x50CC3F1: _IO_default_uflow (genops.c:380)
==19503==    by 0x1087B3: unesi (main.c:9)
==19503==    by 0x10884E: main (main.c:25)
==19503== 
==19503== HEAP SUMMARY:
==19503==     in use at exit: 0 bytes in 0 blocks
==19503==   total heap usage: 1 allocs, 1 frees, 1,024 bytes allocated
==19503== 
==19503== All heap blocks were freed -- no leaks are possible
==19503== 
==19503== For counts of detected and suppressed errors, rerun with: -v
==19503== ERROR SUMMARY: 0 errors from 0 contexts (suppressed: 0 from 0)
