==32374== Memcheck, a memory error detector
==32374== Copyright (C) 2002-2017, and GNU GPL'd, by Julian Seward et al.
==32374== Using Valgrind-3.13.0 and LibVEX; rerun with -h for copyright info
==32374== Command: /rhome/m/mhadzic9/workspace/OR/T5/Z5/.runme
==32374== Parent PID: 32357
==32374== 
==32374== Conditional jump or move depends on uninitialised value(s)
==32374==    at 0x1087FC: main (main.c:9)
==32374== 
==32374== Conditional jump or move depends on uninitialised value(s)
==32374==    at 0x10880F: main (main.c:11)
==32374== 
==32374== Conditional jump or move depends on uninitialised value(s)
==32374==    at 0x108823: main (main.c:11)
==32374== 
==32374== 
==32374== Process terminating with default action of signal 1 (SIGHUP)
==32374==    at 0x514E07F: read (read.c:27)
==32374==    by 0x50CB147: _IO_file_underflow@@GLIBC_2.2.5 (fileops.c:531)
==32374==    by 0x50CC3F1: _IO_default_uflow (genops.c:380)
==32374==    by 0x50A9BE9: _IO_vfscanf (vfscanf.c:630)
==32374==    by 0x50B9FD7: __isoc99_scanf (isoc99_scanf.c:37)
==32374==    by 0x1087E9: main (main.c:8)
==32374== 
==32374== HEAP SUMMARY:
==32374==     in use at exit: 0 bytes in 0 blocks
==32374==   total heap usage: 1 allocs, 1 frees, 1,024 bytes allocated
==32374== 
==32374== All heap blocks were freed -- no leaks are possible
==32374== 
==32374== For counts of detected and suppressed errors, rerun with: -v
==32374== Use --track-origins=yes to see where uninitialised values come from
==32374== ERROR SUMMARY: 3 errors from 3 contexts (suppressed: 0 from 0)
