==4471== Memcheck, a memory error detector
==4471== Copyright (C) 2002-2017, and GNU GPL'd, by Julian Seward et al.
==4471== Using Valgrind-3.13.0 and LibVEX; rerun with -h for copyright info
==4471== Command: /rhome/m/mhadzic9/workspace/OR/T10/Z1/.runme
==4471== Parent PID: 4457
==4471== 
==4471== 
==4471== Process terminating with default action of signal 1 (SIGHUP)
==4471==    at 0x514E07F: read (read.c:27)
==4471==    by 0x50CB147: _IO_file_underflow@@GLIBC_2.2.5 (fileops.c:531)
==4471==    by 0x50CC3F1: _IO_default_uflow (genops.c:380)
==4471==    by 0x108743: unesi (main.c:10)
==4471==    by 0x108861: main (main.c:33)
==4471== 
==4471== HEAP SUMMARY:
==4471==     in use at exit: 0 bytes in 0 blocks
==4471==   total heap usage: 1 allocs, 1 frees, 1,024 bytes allocated
==4471== 
==4471== All heap blocks were freed -- no leaks are possible
==4471== 
==4471== For counts of detected and suppressed errors, rerun with: -v
==4471== ERROR SUMMARY: 0 errors from 0 contexts (suppressed: 0 from 0)
