==4240== Memcheck, a memory error detector
==4240== Copyright (C) 2002-2017, and GNU GPL'd, by Julian Seward et al.
==4240== Using Valgrind-3.13.0 and LibVEX; rerun with -h for copyright info
==4240== Command: /rhome/m/mhadzic9/workspace/OR/T5/Z1/.runme
==4240== Parent PID: 4224
==4240== 
==4240== 
==4240== Process terminating with default action of signal 1 (SIGHUP)
==4240==    at 0x514E081: read (read.c:27)
==4240==    by 0x50CB147: _IO_file_underflow@@GLIBC_2.2.5 (fileops.c:531)
==4240==    by 0x50CC3F1: _IO_default_uflow (genops.c:380)
==4240==    by 0x50A9BE9: _IO_vfscanf (vfscanf.c:630)
==4240==    by 0x50B9FD7: __isoc99_scanf (isoc99_scanf.c:37)
==4240==    by 0x108777: main (main.c:10)
==4240== 
==4240== HEAP SUMMARY:
==4240==     in use at exit: 0 bytes in 0 blocks
==4240==   total heap usage: 1 allocs, 1 frees, 1,024 bytes allocated
==4240== 
==4240== All heap blocks were freed -- no leaks are possible
==4240== 
==4240== For counts of detected and suppressed errors, rerun with: -v
==4240== ERROR SUMMARY: 0 errors from 0 contexts (suppressed: 0 from 0)
