==6590== Memcheck, a memory error detector
==6590== Copyright (C) 2002-2017, and GNU GPL'd, by Julian Seward et al.
==6590== Using Valgrind-3.13.0 and LibVEX; rerun with -h for copyright info
==6590== Command: /rhome/m/mhadzic9/workspace/OR/T7/Z4/.runme
==6590== Parent PID: 6576
==6590== 
==6590== Conditional jump or move depends on uninitialised value(s)
==6590==    at 0x108783: obrnut (main.c:10)
==6590==    by 0x1087D3: main (main.c:18)
==6590== 
==6590== Conditional jump or move depends on uninitialised value(s)
==6590==    at 0x509A8DA: vfprintf (vfprintf.c:1642)
==6590==    by 0x509C67F: buffered_vfprintf (vfprintf.c:2329)
==6590==    by 0x5099725: vfprintf (vfprintf.c:1301)
==6590==    by 0x50A2F25: printf (printf.c:33)
==6590==    by 0x1087EC: main (main.c:19)
==6590== 
==6590== Use of uninitialised value of size 8
==6590==    at 0x509686B: _itoa_word (_itoa.c:179)
==6590==    by 0x5099F0D: vfprintf (vfprintf.c:1642)
==6590==    by 0x509C67F: buffered_vfprintf (vfprintf.c:2329)
==6590==    by 0x5099725: vfprintf (vfprintf.c:1301)
==6590==    by 0x50A2F25: printf (printf.c:33)
==6590==    by 0x1087EC: main (main.c:19)
==6590== 
==6590== Conditional jump or move depends on uninitialised value(s)
==6590==    at 0x5096875: _itoa_word (_itoa.c:179)
==6590==    by 0x5099F0D: vfprintf (vfprintf.c:1642)
==6590==    by 0x509C67F: buffered_vfprintf (vfprintf.c:2329)
==6590==    by 0x5099725: vfprintf (vfprintf.c:1301)
==6590==    by 0x50A2F25: printf (printf.c:33)
==6590==    by 0x1087EC: main (main.c:19)
==6590== 
==6590== Conditional jump or move depends on uninitialised value(s)
==6590==    at 0x509A014: vfprintf (vfprintf.c:1642)
==6590==    by 0x509C67F: buffered_vfprintf (vfprintf.c:2329)
==6590==    by 0x5099725: vfprintf (vfprintf.c:1301)
==6590==    by 0x50A2F25: printf (printf.c:33)
==6590==    by 0x1087EC: main (main.c:19)
==6590== 
==6590== Conditional jump or move depends on uninitialised value(s)
==6590==    at 0x509AB4C: vfprintf (vfprintf.c:1642)
==6590==    by 0x509C67F: buffered_vfprintf (vfprintf.c:2329)
==6590==    by 0x5099725: vfprintf (vfprintf.c:1301)
==6590==    by 0x50A2F25: printf (printf.c:33)
==6590==    by 0x1087EC: main (main.c:19)
==6590== 
==6590== 
==6590== Process terminating with default action of signal 1 (SIGHUP)
==6590==    at 0x514E152: write (write.c:27)
==6590==    by 0x50C91BC: _IO_file_write@@GLIBC_2.2.5 (fileops.c:1203)
==6590==    by 0x50C9B2E: new_do_write (fileops.c:457)
==6590==    by 0x50C9B2E: _IO_file_xsputn@@GLIBC_2.2.5 (fileops.c:1277)
==6590==    by 0x509C706: buffered_vfprintf (vfprintf.c:2350)
==6590==    by 0x5099725: vfprintf (vfprintf.c:1301)
==6590==    by 0x50A2F25: printf (printf.c:33)
==6590==    by 0x1087EC: main (main.c:19)
==6590== 
==6590== HEAP SUMMARY:
==6590==     in use at exit: 0 bytes in 0 blocks
==6590==   total heap usage: 1 allocs, 1 frees, 1,024 bytes allocated
==6590== 
==6590== All heap blocks were freed -- no leaks are possible
==6590== 
==6590== For counts of detected and suppressed errors, rerun with: -v
==6590== Use --track-origins=yes to see where uninitialised values come from
==6590== ERROR SUMMARY: 9 errors from 6 contexts (suppressed: 0 from 0)
