==24055== Memcheck, a memory error detector
==24055== Copyright (C) 2002-2017, and GNU GPL'd, by Julian Seward et al.
==24055== Using Valgrind-3.13.0 and LibVEX; rerun with -h for copyright info
==24055== Command: /rhome/m/mhadzic9/workspace/OR/T6/Z7/.runme
==24055== Parent PID: 24042
==24055== 
==24055== 
==24055== Process terminating with default action of signal 15 (SIGTERM)
==24055==    at 0x514E081: read (read.c:27)
==24055==    by 0x50CB147: _IO_file_underflow@@GLIBC_2.2.5 (fileops.c:531)
==24055==    by 0x50CC3F1: _IO_default_uflow (genops.c:380)
==24055==    by 0x50A9BE9: _IO_vfscanf (vfscanf.c:630)
==24055==    by 0x50B9FD7: __isoc99_scanf (isoc99_scanf.c:37)
==24055==    by 0x10881B: main (main.c:8)
==24055== 
==24055== HEAP SUMMARY:
==24055==     in use at exit: 0 bytes in 0 blocks
==24055==   total heap usage: 1 allocs, 1 frees, 1,024 bytes allocated
==24055== 
==24055== All heap blocks were freed -- no leaks are possible
==24055== 
==24055== For counts of detected and suppressed errors, rerun with: -v
==24055== ERROR SUMMARY: 0 errors from 0 contexts (suppressed: 0 from 0)
