==17258== Memcheck, a memory error detector
==17258== Copyright (C) 2002-2017, and GNU GPL'd, by Julian Seward et al.
==17258== Using Valgrind-3.13.0 and LibVEX; rerun with -h for copyright info
==17258== Command: /rhome/m/mhadzic9/workspace/OR2018/T7/Z5/.runme
==17258== Parent PID: 17254
==17258== 
==17258== 
==17258== Process terminating with default action of signal 1 (SIGHUP)
==17258==    at 0x54EC152: write (write.c:27)
==17258==    by 0x54671BC: _IO_file_write@@GLIBC_2.2.5 (fileops.c:1203)
==17258==    by 0x5467B2E: new_do_write (fileops.c:457)
==17258==    by 0x5467B2E: _IO_file_xsputn@@GLIBC_2.2.5 (fileops.c:1277)
==17258==    by 0x543A706: buffered_vfprintf (vfprintf.c:2350)
==17258==    by 0x5437725: vfprintf (vfprintf.c:1301)
==17258==    by 0x5440F25: printf (printf.c:33)
==17258==    by 0x108923: main (main.c:27)
==17258== 
==17258== HEAP SUMMARY:
==17258==     in use at exit: 0 bytes in 0 blocks
==17258==   total heap usage: 1 allocs, 1 frees, 1,024 bytes allocated
==17258== 
==17258== All heap blocks were freed -- no leaks are possible
==17258== 
==17258== For counts of detected and suppressed errors, rerun with: -v
==17258== ERROR SUMMARY: 0 errors from 0 contexts (suppressed: 0 from 0)
