==11785== Memcheck, a memory error detector
==11785== Copyright (C) 2002-2017, and GNU GPL'd, by Julian Seward et al.
==11785== Using Valgrind-3.13.0 and LibVEX; rerun with -h for copyright info
==11785== Command: /rhome/m/mhadzic9/workspace/OR/T6/Z2/.runme
==11785== Parent PID: 11772
==11785== 
==11785== 
==11785== Process terminating with default action of signal 1 (SIGHUP)
==11785==    at 0x514E152: write (write.c:27)
==11785==    by 0x50C91BC: _IO_file_write@@GLIBC_2.2.5 (fileops.c:1203)
==11785==    by 0x50C9B2E: new_do_write (fileops.c:457)
==11785==    by 0x50C9B2E: _IO_file_xsputn@@GLIBC_2.2.5 (fileops.c:1277)
==11785==    by 0x509C706: buffered_vfprintf (vfprintf.c:2350)
==11785==    by 0x5099725: vfprintf (vfprintf.c:1301)
==11785==    by 0x50A2F25: printf (printf.c:33)
==11785==    by 0x1087E5: main (main.c:8)
==11785== 
==11785== HEAP SUMMARY:
==11785==     in use at exit: 0 bytes in 0 blocks
==11785==   total heap usage: 1 allocs, 1 frees, 1,024 bytes allocated
==11785== 
==11785== All heap blocks were freed -- no leaks are possible
==11785== 
==11785== For counts of detected and suppressed errors, rerun with: -v
==11785== ERROR SUMMARY: 0 errors from 0 contexts (suppressed: 0 from 0)
