==24751== Memcheck, a memory error detector
==24751== Copyright (C) 2002-2017, and GNU GPL'd, by Julian Seward et al.
==24751== Using Valgrind-3.13.0 and LibVEX; rerun with -h for copyright info
==24751== Command: /rhome/m/mhadzic9/workspace/OR/T11/Z5/.runme
==24751== Parent PID: 24740
==24751== 
==24751== 
==24751== Process terminating with default action of signal 15 (SIGTERM)
==24751==    at 0x514E081: read (read.c:27)
==24751==    by 0x50CB147: _IO_file_underflow@@GLIBC_2.2.5 (fileops.c:531)
==24751==    by 0x50CC3F1: _IO_default_uflow (genops.c:380)
==24751==    by 0x50A9BE9: _IO_vfscanf (vfscanf.c:630)
==24751==    by 0x50B9FD7: __isoc99_scanf (isoc99_scanf.c:37)
==24751==    by 0x108758: unesi (main.c:11)
==24751==    by 0x108928: main (main.c:33)
==24751== 
==24751== HEAP SUMMARY:
==24751==     in use at exit: 0 bytes in 0 blocks
==24751==   total heap usage: 1 allocs, 1 frees, 1,024 bytes allocated
==24751== 
==24751== All heap blocks were freed -- no leaks are possible
==24751== 
==24751== For counts of detected and suppressed errors, rerun with: -v
==24751== ERROR SUMMARY: 0 errors from 0 contexts (suppressed: 0 from 0)
