==16458== Memcheck, a memory error detector
==16458== Copyright (C) 2002-2017, and GNU GPL'd, by Julian Seward et al.
==16458== Using Valgrind-3.13.0 and LibVEX; rerun with -h for copyright info
==16458== Command: /rhome/m/mhadzic9/workspace/OR/P1/Z11/.runme
==16458== Parent PID: 16444
==16458== 
==16458== 
==16458== Process terminating with default action of signal 15 (SIGTERM)
==16458==    at 0x514E081: read (read.c:27)
==16458==    by 0x50CB147: _IO_file_underflow@@GLIBC_2.2.5 (fileops.c:531)
==16458==    by 0x50CC3F1: _IO_default_uflow (genops.c:380)
==16458==    by 0x50A9BE9: _IO_vfscanf (vfscanf.c:630)
==16458==    by 0x50B9FD7: __isoc99_scanf (isoc99_scanf.c:37)
==16458==    by 0x10878D: main (main.c:7)
==16458== 
==16458== HEAP SUMMARY:
==16458==     in use at exit: 0 bytes in 0 blocks
==16458==   total heap usage: 1 allocs, 1 frees, 1,024 bytes allocated
==16458== 
==16458== All heap blocks were freed -- no leaks are possible
==16458== 
==16458== For counts of detected and suppressed errors, rerun with: -v
==16458== ERROR SUMMARY: 0 errors from 0 contexts (suppressed: 0 from 0)
