==28422== Memcheck, a memory error detector
==28422== Copyright (C) 2002-2017, and GNU GPL'd, by Julian Seward et al.
==28422== Using Valgrind-3.13.0 and LibVEX; rerun with -h for copyright info
==28422== Command: /rhome/m/mhadzic9/workspace/OR/T8/Z3/.runme
==28422== Parent PID: 28408
==28422== 
==28422== 
==28422== Process terminating with default action of signal 1 (SIGHUP)
==28422==    at 0x514E152: write (write.c:27)
==28422==    by 0x50C91BC: _IO_file_write@@GLIBC_2.2.5 (fileops.c:1203)
==28422==    by 0x50C9B2E: new_do_write (fileops.c:457)
==28422==    by 0x50C9B2E: _IO_file_xsputn@@GLIBC_2.2.5 (fileops.c:1277)
==28422==    by 0x509C706: buffered_vfprintf (vfprintf.c:2350)
==28422==    by 0x5099725: vfprintf (vfprintf.c:1301)
==28422==    by 0x50A2F25: printf (printf.c:33)
==28422==    by 0x108841: main (main.c:26)
==28422== 
==28422== HEAP SUMMARY:
==28422==     in use at exit: 0 bytes in 0 blocks
==28422==   total heap usage: 1 allocs, 1 frees, 1,024 bytes allocated
==28422== 
==28422== All heap blocks were freed -- no leaks are possible
==28422== 
==28422== For counts of detected and suppressed errors, rerun with: -v
==28422== ERROR SUMMARY: 0 errors from 0 contexts (suppressed: 0 from 0)
