==11415== Memcheck, a memory error detector
==11415== Copyright (C) 2002-2017, and GNU GPL'd, by Julian Seward et al.
==11415== Using Valgrind-3.13.0 and LibVEX; rerun with -h for copyright info
==11415== Command: /rhome/m/mhadzic9/workspace/OR/T6/Z5/.runme
==11415== Parent PID: 11401
==11415== 
==11415== 
==11415== Process terminating with default action of signal 1 (SIGHUP)
==11415==    at 0x514E081: read (read.c:27)
==11415==    by 0x50CB147: _IO_file_underflow@@GLIBC_2.2.5 (fileops.c:531)
==11415==    by 0x50CC3F1: _IO_default_uflow (genops.c:380)
==11415==    by 0x50A9BE9: _IO_vfscanf (vfscanf.c:630)
==11415==    by 0x50B9FD7: __isoc99_scanf (isoc99_scanf.c:37)
==11415==    by 0x10878F: main (main.c:8)
==11415== 
==11415== HEAP SUMMARY:
==11415==     in use at exit: 0 bytes in 0 blocks
==11415==   total heap usage: 1 allocs, 1 frees, 1,024 bytes allocated
==11415== 
==11415== All heap blocks were freed -- no leaks are possible
==11415== 
==11415== For counts of detected and suppressed errors, rerun with: -v
==11415== ERROR SUMMARY: 0 errors from 0 contexts (suppressed: 0 from 0)
