==15416== Memcheck, a memory error detector
==15416== Copyright (C) 2002-2017, and GNU GPL'd, by Julian Seward et al.
==15416== Using Valgrind-3.13.0 and LibVEX; rerun with -h for copyright info
==15416== Command: /rhome/m/mhadzic9/workspace/OR/T9/Z3/.runme
==15416== Parent PID: 15399
==15416== 
==15416== 
==15416== Process terminating with default action of signal 1 (SIGHUP)
==15416==    at 0x514E081: read (read.c:27)
==15416==    by 0x50CB147: _IO_file_underflow@@GLIBC_2.2.5 (fileops.c:531)
==15416==    by 0x50CC3F1: _IO_default_uflow (genops.c:380)
==15416==    by 0x10870D: unesi (main.c:3)
==15416==    by 0x10881B: main (main.c:32)
==15416== 
==15416== HEAP SUMMARY:
==15416==     in use at exit: 0 bytes in 0 blocks
==15416==   total heap usage: 1 allocs, 1 frees, 1,024 bytes allocated
==15416== 
==15416== All heap blocks were freed -- no leaks are possible
==15416== 
==15416== For counts of detected and suppressed errors, rerun with: -v
==15416== ERROR SUMMARY: 0 errors from 0 contexts (suppressed: 0 from 0)
