==29943== Memcheck, a memory error detector
==29943== Copyright (C) 2002-2017, and GNU GPL'd, by Julian Seward et al.
==29943== Using Valgrind-3.13.0 and LibVEX; rerun with -h for copyright info
==29943== Command: /rhome/m/mhadzic9/workspace/OR/T5/Z4/.runme
==29943== Parent PID: 29929
==29943== 
==29943== 
==29943== Process terminating with default action of signal 15 (SIGTERM)
==29943==    at 0x514E081: read (read.c:27)
==29943==    by 0x50CB147: _IO_file_underflow@@GLIBC_2.2.5 (fileops.c:531)
==29943==    by 0x50CC3F1: _IO_default_uflow (genops.c:380)
==29943==    by 0x50A9BE9: _IO_vfscanf (vfscanf.c:630)
==29943==    by 0x50B9FD7: __isoc99_scanf (isoc99_scanf.c:37)
==29943==    by 0x1087E4: main (main.c:7)
==29943== 
==29943== HEAP SUMMARY:
==29943==     in use at exit: 0 bytes in 0 blocks
==29943==   total heap usage: 1 allocs, 1 frees, 1,024 bytes allocated
==29943== 
==29943== All heap blocks were freed -- no leaks are possible
==29943== 
==29943== For counts of detected and suppressed errors, rerun with: -v
==29943== ERROR SUMMARY: 0 errors from 0 contexts (suppressed: 0 from 0)
