==28489== Memcheck, a memory error detector
==28489== Copyright (C) 2002-2017, and GNU GPL'd, by Julian Seward et al.
==28489== Using Valgrind-3.13.0 and LibVEX; rerun with -h for copyright info
==28489== Command: /rhome/m/mhadzic9/workspace/OR/T5/Z3/.runme
==28489== Parent PID: 28474
==28489== 
==28489== 
==28489== Process terminating with default action of signal 1 (SIGHUP)
==28489==    at 0x514E07F: read (read.c:27)
==28489==    by 0x50CB147: _IO_file_underflow@@GLIBC_2.2.5 (fileops.c:531)
==28489==    by 0x50CC3F1: _IO_default_uflow (genops.c:380)
==28489==    by 0x50A9BE9: _IO_vfscanf (vfscanf.c:630)
==28489==    by 0x50B9FD7: __isoc99_scanf (isoc99_scanf.c:37)
==28489==    by 0x1087CB: main (main.c:8)
==28489== 
==28489== HEAP SUMMARY:
==28489==     in use at exit: 0 bytes in 0 blocks
==28489==   total heap usage: 1 allocs, 1 frees, 1,024 bytes allocated
==28489== 
==28489== All heap blocks were freed -- no leaks are possible
==28489== 
==28489== For counts of detected and suppressed errors, rerun with: -v
==28489== ERROR SUMMARY: 0 errors from 0 contexts (suppressed: 0 from 0)
