==18763== Memcheck, a memory error detector
==18763== Copyright (C) 2002-2017, and GNU GPL'd, by Julian Seward et al.
==18763== Using Valgrind-3.13.0 and LibVEX; rerun with -h for copyright info
==18763== Command: /rhome/m/mhadzic9/workspace/OR/T1/Z3/.runme
==18763== Parent PID: 18758
==18763== 
==18763== 
==18763== Process terminating with default action of signal 1 (SIGHUP)
==18763==    at 0x54EC081: read (read.c:27)
==18763==    by 0x5469147: _IO_file_underflow@@GLIBC_2.2.5 (fileops.c:531)
==18763==    by 0x546A3F1: _IO_default_uflow (genops.c:380)
==18763==    by 0x5447BE9: _IO_vfscanf (vfscanf.c:630)
==18763==    by 0x5457FD7: __isoc99_scanf (isoc99_scanf.c:37)
==18763==    by 0x10881C: main (main.c:6)
==18763== 
==18763== HEAP SUMMARY:
==18763==     in use at exit: 0 bytes in 0 blocks
==18763==   total heap usage: 1 allocs, 1 frees, 1,024 bytes allocated
==18763== 
==18763== All heap blocks were freed -- no leaks are possible
==18763== 
==18763== For counts of detected and suppressed errors, rerun with: -v
==18763== ERROR SUMMARY: 0 errors from 0 contexts (suppressed: 0 from 0)
