==32664== Memcheck, a memory error detector
==32664== Copyright (C) 2002-2017, and GNU GPL'd, by Julian Seward et al.
==32664== Using Valgrind-3.13.0 and LibVEX; rerun with -h for copyright info
==32664== Command: /rhome/m/mhadzic9/workspace/OR/T11/Z1/.runme
==32664== Parent PID: 32652
==32664== 
==32664== 
==32664== Process terminating with default action of signal 1 (SIGHUP)
==32664==    at 0x54EC081: read (read.c:27)
==32664==    by 0x5469147: _IO_file_underflow@@GLIBC_2.2.5 (fileops.c:531)
==32664==    by 0x546A3F1: _IO_default_uflow (genops.c:380)
==32664==    by 0x5447BE9: _IO_vfscanf (vfscanf.c:630)
==32664==    by 0x5457FD7: __isoc99_scanf (isoc99_scanf.c:37)
==32664==    by 0x10881C: unos_tacke (main.c:16)
==32664==    by 0x108881: unos_kruznice (main.c:23)
==32664==    by 0x1089CF: main (main.c:40)
==32664== 
==32664== HEAP SUMMARY:
==32664==     in use at exit: 0 bytes in 0 blocks
==32664==   total heap usage: 1 allocs, 1 frees, 1,024 bytes allocated
==32664== 
==32664== All heap blocks were freed -- no leaks are possible
==32664== 
==32664== For counts of detected and suppressed errors, rerun with: -v
==32664== ERROR SUMMARY: 0 errors from 0 contexts (suppressed: 0 from 0)
