==21537== Memcheck, a memory error detector
==21537== Copyright (C) 2002-2017, and GNU GPL'd, by Julian Seward et al.
==21537== Using Valgrind-3.13.0 and LibVEX; rerun with -h for copyright info
==21537== Command: /rhome/m/mhadzic9/workspace/OR/T8/Z2/.runme
==21537== Parent PID: 21524
==21537== 
==21537== 
==21537== Process terminating with default action of signal 1 (SIGHUP)
==21537==    at 0x514E081: read (read.c:27)
==21537==    by 0x50CB147: _IO_file_underflow@@GLIBC_2.2.5 (fileops.c:531)
==21537==    by 0x50CC3F1: _IO_default_uflow (genops.c:380)
==21537==    by 0x50A9BE9: _IO_vfscanf (vfscanf.c:630)
==21537==    by 0x50B9FD7: __isoc99_scanf (isoc99_scanf.c:37)
==21537==    by 0x108836: main (main.c:25)
==21537== 
==21537== HEAP SUMMARY:
==21537==     in use at exit: 0 bytes in 0 blocks
==21537==   total heap usage: 1 allocs, 1 frees, 1,024 bytes allocated
==21537== 
==21537== All heap blocks were freed -- no leaks are possible
==21537== 
==21537== For counts of detected and suppressed errors, rerun with: -v
==21537== ERROR SUMMARY: 0 errors from 0 contexts (suppressed: 0 from 0)
