==26653== Memcheck, a memory error detector
==26653== Copyright (C) 2002-2017, and GNU GPL'd, by Julian Seward et al.
==26653== Using Valgrind-3.13.0 and LibVEX; rerun with -h for copyright info
==26653== Command: /rhome/m/mhadzic9/workspace/OR/T5/Z2/.runme
==26653== Parent PID: 26630
==26653== 
==26653== Conditional jump or move depends on uninitialised value(s)
==26653==    at 0x1087AA: main (main.c:11)
==26653== 
==26653== Conditional jump or move depends on uninitialised value(s)
==26653==    at 0x1087E6: main (main.c:19)
==26653== 
==26653== Conditional jump or move depends on uninitialised value(s)
==26653==    at 0x108800: main (main.c:21)
==26653== 
==26653== 
==26653== Process terminating with default action of signal 1 (SIGHUP)
==26653==    at 0x514E152: write (write.c:27)
==26653==    by 0x50C91BC: _IO_file_write@@GLIBC_2.2.5 (fileops.c:1203)
==26653==    by 0x50C9B2E: new_do_write (fileops.c:457)
==26653==    by 0x50C9B2E: _IO_file_xsputn@@GLIBC_2.2.5 (fileops.c:1277)
==26653==    by 0x509C706: buffered_vfprintf (vfprintf.c:2350)
==26653==    by 0x5099725: vfprintf (vfprintf.c:1301)
==26653==    by 0x50A2F25: printf (printf.c:33)
==26653==    by 0x10876A: main (main.c:8)
==26653== 
==26653== HEAP SUMMARY:
==26653==     in use at exit: 0 bytes in 0 blocks
==26653==   total heap usage: 1 allocs, 1 frees, 1,024 bytes allocated
==26653== 
==26653== All heap blocks were freed -- no leaks are possible
==26653== 
==26653== For counts of detected and suppressed errors, rerun with: -v
==26653== Use --track-origins=yes to see where uninitialised values come from
==26653== ERROR SUMMARY: 3 errors from 3 contexts (suppressed: 0 from 0)
