==10694== Memcheck, a memory error detector
==10694== Copyright (C) 2002-2017, and GNU GPL'd, by Julian Seward et al.
==10694== Using Valgrind-3.13.0 and LibVEX; rerun with -h for copyright info
==10694== Command: /rhome/m/mhadzic9/workspace/OR/T6/Z1/.runme
==10694== Parent PID: 10681
==10694== 
==10694== 
==10694== Process terminating with default action of signal 1 (SIGHUP)
==10694==    at 0x514E152: write (write.c:27)
==10694==    by 0x50C91BC: _IO_file_write@@GLIBC_2.2.5 (fileops.c:1203)
==10694==    by 0x50C9B2E: new_do_write (fileops.c:457)
==10694==    by 0x50C9B2E: _IO_file_xsputn@@GLIBC_2.2.5 (fileops.c:1277)
==10694==    by 0x509C706: buffered_vfprintf (vfprintf.c:2350)
==10694==    by 0x5099725: vfprintf (vfprintf.c:1301)
==10694==    by 0x50A2F25: printf (printf.c:33)
==10694==    by 0x1087E5: main (main.c:8)
==10694== 
==10694== HEAP SUMMARY:
==10694==     in use at exit: 0 bytes in 0 blocks
==10694==   total heap usage: 1 allocs, 1 frees, 1,024 bytes allocated
==10694== 
==10694== All heap blocks were freed -- no leaks are possible
==10694== 
==10694== For counts of detected and suppressed errors, rerun with: -v
==10694== ERROR SUMMARY: 0 errors from 0 contexts (suppressed: 0 from 0)
