==11427== Memcheck, a memory error detector
==11427== Copyright (C) 2002-2017, and GNU GPL'd, by Julian Seward et al.
==11427== Using Valgrind-3.13.0 and LibVEX; rerun with -h for copyright info
==11427== Command: /rhome/m/mhadzic9/workspace/OR/T8/Z7/.runme
==11427== Parent PID: 11414
==11427== 
==11427== 
==11427== Process terminating with default action of signal 15 (SIGTERM)
==11427==    at 0x514E081: read (read.c:27)
==11427==    by 0x50CB147: _IO_file_underflow@@GLIBC_2.2.5 (fileops.c:531)
==11427==    by 0x50CC3F1: _IO_default_uflow (genops.c:380)
==11427==    by 0x50A9BE9: _IO_vfscanf (vfscanf.c:630)
==11427==    by 0x50B9FD7: __isoc99_scanf (isoc99_scanf.c:37)
==11427==    by 0x10878A: main (main.c:12)
==11427== 
==11427== HEAP SUMMARY:
==11427==     in use at exit: 0 bytes in 0 blocks
==11427==   total heap usage: 1 allocs, 1 frees, 1,024 bytes allocated
==11427== 
==11427== All heap blocks were freed -- no leaks are possible
==11427== 
==11427== For counts of detected and suppressed errors, rerun with: -v
==11427== ERROR SUMMARY: 0 errors from 0 contexts (suppressed: 0 from 0)
