==25198== Memcheck, a memory error detector
==25198== Copyright (C) 2002-2017, and GNU GPL'd, by Julian Seward et al.
==25198== Using Valgrind-3.13.0 and LibVEX; rerun with -h for copyright info
==25198== Command: /rhome/m/mhadzic9/workspace/OR/Z1/Z1/.runme
==25198== Parent PID: 25184
==25198== 
==25198== 
==25198== Process terminating with default action of signal 15 (SIGTERM)
==25198==    at 0x514E081: read (read.c:27)
==25198==    by 0x50CB147: _IO_file_underflow@@GLIBC_2.2.5 (fileops.c:531)
==25198==    by 0x50CC3F1: _IO_default_uflow (genops.c:380)
==25198==    by 0x50A9BE9: _IO_vfscanf (vfscanf.c:630)
==25198==    by 0x50B9FD7: __isoc99_scanf (isoc99_scanf.c:37)
==25198==    by 0x1087CF: main (main.c:9)
==25198== 
==25198== HEAP SUMMARY:
==25198==     in use at exit: 0 bytes in 0 blocks
==25198==   total heap usage: 1 allocs, 1 frees, 1,024 bytes allocated
==25198== 
==25198== All heap blocks were freed -- no leaks are possible
==25198== 
==25198== For counts of detected and suppressed errors, rerun with: -v
==25198== ERROR SUMMARY: 0 errors from 0 contexts (suppressed: 0 from 0)
