==1789== Memcheck, a memory error detector
==1789== Copyright (C) 2002-2017, and GNU GPL'd, by Julian Seward et al.
==1789== Using Valgrind-3.13.0 and LibVEX; rerun with -h for copyright info
==1789== Command: /rhome/m/mhadzic9/workspace/OR/T8/Z4/.runme
==1789== Parent PID: 1776
==1789== 
==1789== 
==1789== Process terminating with default action of signal 1 (SIGHUP)
==1789==    at 0x514E081: read (read.c:27)
==1789==    by 0x50CB147: _IO_file_underflow@@GLIBC_2.2.5 (fileops.c:531)
==1789==    by 0x50CC3F1: _IO_default_uflow (genops.c:380)
==1789==    by 0x50A9BE9: _IO_vfscanf (vfscanf.c:630)
==1789==    by 0x50B9FD7: __isoc99_scanf (isoc99_scanf.c:37)
==1789==    by 0x108872: main (main.c:28)
==1789== 
==1789== HEAP SUMMARY:
==1789==     in use at exit: 0 bytes in 0 blocks
==1789==   total heap usage: 1 allocs, 1 frees, 1,024 bytes allocated
==1789== 
==1789== All heap blocks were freed -- no leaks are possible
==1789== 
==1789== For counts of detected and suppressed errors, rerun with: -v
==1789== ERROR SUMMARY: 0 errors from 0 contexts (suppressed: 0 from 0)
