[New LWP 15689]
Core was generated by `'.
Program terminated with signal SIGSEGV, Segmentation fault.
#0  0x0000000000000556 in ?? ()
#0  0x0000000000000556 in ?? ()
#1  0x0000000004a2a672 in ?? ()
#2  0x00000000230dd3c8 in ?? ()
#3  0x0000000004030bce in ?? ()
#4  0x0000001fff000010 in ?? ()
#5  0x0000000004018657 in ?? ()
#6  0x3638782f62696c2f in ?? ()
#7  0x756e696c2d34365f in ?? ()
#8  0x696c2f756e672d78 in ?? ()
#9  0x0000000004229170 in ?? ()
#10 0x0000001fff000010 in ?? ()
#11 0x000000000401862c in ?? ()
#12 0x0000001fff000000 in ?? ()
#13 0x0000000004005c07 in ?? ()
#14 0x0000000000000002 in ?? ()
#15 0x0000000000000000 in ?? ()
