==15721== Memcheck, a memory error detector
==15721== Copyright (C) 2002-2017, and GNU GPL'd, by Julian Seward et al.
==15721== Using Valgrind-3.13.0 and LibVEX; rerun with -h for copyright info
==15721== Command: /rhome/m/mhadzic9/workspace/OR/ZSR4/Z1/.runme
==15721== Parent PID: 15717
==15721== 
==15721== 
==15721== HEAP SUMMARY:
==15721==     in use at exit: 0 bytes in 0 blocks
==15721==   total heap usage: 1 allocs, 1 frees, 1,024 bytes allocated
==15721== 
==15721== All heap blocks were freed -- no leaks are possible
==15721== 
==15721== For counts of detected and suppressed errors, rerun with: -v
==15721== ERROR SUMMARY: 0 errors from 0 contexts (suppressed: 0 from 0)
c:2350)
==15704==    by 0x5099725: vfprintf (vfprintf.c:1301)
==15704==    by 0x50A2F25: printf (printf.c:33)
==15704==    by 0x10875B: main (main.c:6)
==15704== 
==15704== HEAP SUMMARY:
==15704==     in use at exit: 0 bytes in 0 blocks
==15704==   total heap usage: 0 allocs, 0 frees, 0 bytes allocated
==15704== 
==15704== All heap blocks were freed -- no leaks are possible
==15704== 
==15704== For counts of detected and suppressed errors, rerun with: -v
==15704== ERROR SUMMARY: 0 errors from 0 contexts (suppressed: 0 from 0)
