==23449== Memcheck, a memory error detector
==23449== Copyright (C) 2002-2017, and GNU GPL'd, by Julian Seward et al.
==23449== Using Valgrind-3.13.0 and LibVEX; rerun with -h for copyright info
==23449== Command: /rhome/m/mhadzic9/workspace/OR/T13/Z3/.runme
==23449== Parent PID: 23436
==23449== 
==23449== 
==23449== Process terminating with default action of signal 15 (SIGTERM)
==23449==    at 0x514E081: read (read.c:27)
==23449==    by 0x50CB147: _IO_file_underflow@@GLIBC_2.2.5 (fileops.c:531)
==23449==    by 0x50CC3F1: _IO_default_uflow (genops.c:380)
==23449==    by 0x1088AB: unesi (main.c:8)
==23449==    by 0x10893B: unos_studenta (main.c:26)
==23449==    by 0x108A76: main (main.c:49)
==23449== 
==23449== HEAP SUMMARY:
==23449==     in use at exit: 0 bytes in 0 blocks
==23449==   total heap usage: 3 allocs, 3 frees, 9,768 bytes allocated
==23449== 
==23449== All heap blocks were freed -- no leaks are possible
==23449== 
==23449== For counts of detected and suppressed errors, rerun with: -v
==23449== ERROR SUMMARY: 0 errors from 0 contexts (suppressed: 0 from 0)
