==31012== Memcheck, a memory error detector
==31012== Copyright (C) 2002-2017, and GNU GPL'd, by Julian Seward et al.
==31012== Using Valgrind-3.13.0 and LibVEX; rerun with -h for copyright info
==31012== Command: /rhome/m/mhadzic9/workspace/OR/T7/Z6/.runme
==31012== Parent PID: 31007
==31012== 
==31012== 
==31012== Process terminating with default action of signal 15 (SIGTERM)
==31012==    at 0x514E081: read (read.c:27)
==31012==    by 0x50CB147: _IO_file_underflow@@GLIBC_2.2.5 (fileops.c:531)
==31012==    by 0x50CC3F1: _IO_default_uflow (genops.c:380)
==31012==    by 0x50A9BE9: _IO_vfscanf (vfscanf.c:630)
==31012==    by 0x50B9FD7: __isoc99_scanf (isoc99_scanf.c:37)
==31012==    by 0x10881A: main (main.c:14)
==31012== 
==31012== HEAP SUMMARY:
==31012==     in use at exit: 0 bytes in 0 blocks
==31012==   total heap usage: 1 allocs, 1 frees, 1,024 bytes allocated
==31012== 
==31012== All heap blocks were freed -- no leaks are possible
==31012== 
==31012== For counts of detected and suppressed errors, rerun with: -v
==31012== ERROR SUMMARY: 0 errors from 0 contexts (suppressed: 0 from 0)
