==20814== Memcheck, a memory error detector
==20814== Copyright (C) 2002-2017, and GNU GPL'd, by Julian Seward et al.
==20814== Using Valgrind-3.13.0 and LibVEX; rerun with -h for copyright info
==20814== Command: /rhome/m/mhadzic9/workspace/OR/T11/Z4/.runme
==20814== Parent PID: 20802
==20814== 
==20814== 
==20814== Process terminating with default action of signal 15 (SIGTERM)
==20814==    at 0x514E081: read (read.c:27)
==20814==    by 0x50CB147: _IO_file_underflow@@GLIBC_2.2.5 (fileops.c:531)
==20814==    by 0x50CC3F1: _IO_default_uflow (genops.c:380)
==20814==    by 0x50A9BE9: _IO_vfscanf (vfscanf.c:630)
==20814==    by 0x50B9FD7: __isoc99_scanf (isoc99_scanf.c:37)
==20814==    by 0x108758: unesi (main.c:10)
==20814==    by 0x108823: main (main.c:22)
==20814== 
==20814== HEAP SUMMARY:
==20814==     in use at exit: 0 bytes in 0 blocks
==20814==   total heap usage: 1 allocs, 1 frees, 1,024 bytes allocated
==20814== 
==20814== All heap blocks were freed -- no leaks are possible
==20814== 
==20814== For counts of detected and suppressed errors, rerun with: -v
==20814== ERROR SUMMARY: 0 errors from 0 contexts (suppressed: 0 from 0)
