==7054== Memcheck, a memory error detector
==7054== Copyright (C) 2002-2017, and GNU GPL'd, by Julian Seward et al.
==7054== Using Valgrind-3.13.0 and LibVEX; rerun with -h for copyright info
==7054== Command: /rhome/m/mhadzic9/workspace/OR/P1/Z14/.runme
==7054== Parent PID: 7030
==7054== 
==7054== 
==7054== Process terminating with default action of signal 1 (SIGHUP)
==7054==    at 0x514E154: write (write.c:27)
==7054==    by 0x50C91BC: _IO_file_write@@GLIBC_2.2.5 (fileops.c:1203)
==7054==    by 0x50CAF50: new_do_write (fileops.c:457)
==7054==    by 0x50CAF50: _IO_do_write@@GLIBC_2.2.5 (fileops.c:433)
==7054==    by 0x50CB402: _IO_file_overflow@@GLIBC_2.2.5 (fileops.c:798)
==7054==    by 0x50C08F4: putchar (putchar.c:28)
==7054==    by 0x108764: main (main.c:8)
==7054== 
==7054== HEAP SUMMARY:
==7054==     in use at exit: 0 bytes in 0 blocks
==7054==   total heap usage: 1 allocs, 1 frees, 1,024 bytes allocated
==7054== 
==7054== All heap blocks were freed -- no leaks are possible
==7054== 
==7054== For counts of detected and suppressed errors, rerun with: -v
==7054== ERROR SUMMARY: 0 errors from 0 contexts (suppressed: 0 from 0)
