==15931== Memcheck, a memory error detector
==15931== Copyright (C) 2002-2017, and GNU GPL'd, by Julian Seward et al.
==15931== Using Valgrind-3.13.0 and LibVEX; rerun with -h for copyright info
==15931== Command: /rhome/m/mhadzic9/workspace/OR/T11/Z3/.runme
==15931== Parent PID: 15924
==15931== 
==15931== 
==15931== Process terminating with default action of signal 1 (SIGHUP)
==15931==    at 0x54EC152: write (write.c:27)
==15931==    by 0x54671BC: _IO_file_write@@GLIBC_2.2.5 (fileops.c:1203)
==15931==    by 0x5467B2E: new_do_write (fileops.c:457)
==15931==    by 0x5467B2E: _IO_file_xsputn@@GLIBC_2.2.5 (fileops.c:1277)
==15931==    by 0x545CA8E: puts (ioputs.c:40)
==15931==    by 0x10889F: unos_kruznice (main.c:32)
==15931==    by 0x108C36: main (main.c:85)
==15931== 
==15931== HEAP SUMMARY:
==15931==     in use at exit: 0 bytes in 0 blocks
==15931==   total heap usage: 1 allocs, 1 frees, 1,024 bytes allocated
==15931== 
==15931== All heap blocks were freed -- no leaks are possible
==15931== 
==15931== For counts of detected and suppressed errors, rerun with: -v
==15931== ERROR SUMMARY: 0 errors from 0 contexts (suppressed: 0 from 0)
