==19010== Memcheck, a memory error detector
==19010== Copyright (C) 2002-2017, and GNU GPL'd, by Julian Seward et al.
==19010== Using Valgrind-3.13.0 and LibVEX; rerun with -h for copyright info
==19010== Command: /rhome/m/mhadzic9/workspace/OR/T12/Z3/.runme
==19010== Parent PID: 19006
==19010== 
==19010== 
==19010== Process terminating with default action of signal 1 (SIGHUP)
==19010==    at 0x514E081: read (read.c:27)
==19010==    by 0x50CB147: _IO_file_underflow@@GLIBC_2.2.5 (fileops.c:531)
==19010==    by 0x50CC3F1: _IO_default_uflow (genops.c:380)
==19010==    by 0x50A9BE9: _IO_vfscanf (vfscanf.c:630)
==19010==    by 0x50B9FD7: __isoc99_scanf (isoc99_scanf.c:37)
==19010==    by 0x10895C: main (main.c:22)
==19010== 
==19010== HEAP SUMMARY:
==19010==     in use at exit: 552 bytes in 1 blocks
==19010==   total heap usage: 3 allocs, 2 frees, 9,768 bytes allocated
==19010== 
==19010== LEAK SUMMARY:
==19010==    definitely lost: 0 bytes in 0 blocks
==19010==    indirectly lost: 0 bytes in 0 blocks
==19010==      possibly lost: 0 bytes in 0 blocks
==19010==    still reachable: 552 bytes in 1 blocks
==19010==         suppressed: 0 bytes in 0 blocks
==19010== Reachable blocks (those to which a pointer was found) are not shown.
==19010== To see them, rerun with: --leak-check=full --show-leak-kinds=all
==19010== 
==19010== For counts of detected and suppressed errors, rerun with: -v
==19010== ERROR SUMMARY: 0 errors from 0 contexts (suppressed: 0 from 0)
