==23726== Memcheck, a memory error detector
==23726== Copyright (C) 2002-2017, and GNU GPL'd, by Julian Seward et al.
==23726== Using Valgrind-3.13.0 and LibVEX; rerun with -h for copyright info
==23726== Command: /rhome/m/mhadzic9/workspace/OR/T9/Z2/.runme
==23726== Parent PID: 23711
==23726== 
==23726== 
==23726== Process terminating with default action of signal 1 (SIGHUP)
==23726==    at 0x514E081: read (read.c:27)
==23726==    by 0x50CB147: _IO_file_underflow@@GLIBC_2.2.5 (fileops.c:531)
==23726==    by 0x50CC3F1: _IO_default_uflow (genops.c:380)
==23726==    by 0x10877D: unesi (main.c:4)
==23726==    by 0x1088EF: main (main.c:38)
==23726== 
==23726== HEAP SUMMARY:
==23726==     in use at exit: 0 bytes in 0 blocks
==23726==   total heap usage: 1 allocs, 1 frees, 1,024 bytes allocated
==23726== 
==23726== All heap blocks were freed -- no leaks are possible
==23726== 
==23726== For counts of detected and suppressed errors, rerun with: -v
==23726== ERROR SUMMARY: 0 errors from 0 contexts (suppressed: 0 from 0)
